2025-05-03 04:04:14,533 - INFO - Starting stock fix operations...
2025-05-03 04:04:14,533 - INFO - Checking stock consistency between product table and stock movements...
2025-05-03 04:04:14,534 - INFO - All product stock values are consistent with stock movements.
2025-05-03 04:04:14,535 - INFO - Checking stock movement timestamps...
2025-05-03 04:04:14,535 - INFO - No stock movements with NULL timestamps found
2025-05-03 04:04:14,536 - INFO - No stock movements with future timestamps found
2025-05-03 04:04:14,536 - INFO - Checking caching-related code in app.py for stock status API...
2025-05-03 04:04:14,539 - INFO - Created backup of app.py: app.py.stock_fix_backup_20250503_040414
2025-05-03 04:04:14,540 - INFO - Cache prevention headers already present in stock status API
2025-05-03 04:04:14,541 - INFO - Checking if stock updates are properly committed...
2025-05-03 04:04:14,542 - INFO - Stock update method has explicit commit
2025-05-03 04:04:14,543 - INFO - Stock fix operations completed
2025-05-03 22:08:09,668 - INFO - Starting stock fix operations...
2025-05-03 22:08:09,669 - INFO - Checking stock consistency between product table and stock movements...
2025-05-03 22:08:09,671 - INFO - All product stock values are consistent with stock movements.
2025-05-03 22:08:09,671 - INFO - Checking stock movement timestamps...
2025-05-03 22:08:09,672 - INFO - No stock movements with NULL timestamps found
2025-05-03 22:08:09,672 - WARNING - Found 7 stock movements with future timestamps
2025-05-03 22:08:09,673 - INFO - Checking caching-related code in app.py for stock status API...
2025-05-03 22:08:09,675 - INFO - Created backup of app.py: app.py.stock_fix_backup_20250503_220809
2025-05-03 22:08:09,675 - INFO - Cache prevention headers already present in stock status API
2025-05-03 22:08:09,676 - INFO - Checking if stock updates are properly committed...
2025-05-03 22:08:09,677 - INFO - Stock update method has explicit commit
2025-05-03 22:08:09,678 - INFO - Stock fix operations completed
